# JRE version: OpenJDK Runtime Environment Temurin-21.0.8+9 (21.0.8+9) (build 21.0.8+9-LTS)
# Java VM: OpenJDK 64-Bit Server VM Temurin-21.0.8+9 (21.0.8+9-LTS, mixed mode, sharing, tiered, compressed oops, compressed class ptrs, parallel gc, windows-amd64)
GC Precious Log:
 CardTable entry size: 512
 CPUs: 12 total, 12 available
 Memory: 15724M
 Large Page Support: Disabled
 NUMA Support: Disabled
 Compressed Oops: Enabled (32-bit)
 Alignments: Space 512K, Generation 512K, Heap 2M
 Heap Min Capacity: 100M
 Heap Initial Capacity: 100M
 Heap Max Capacity: 2G
 Pre-touch: Disabled
 Parallel Workers: 10
Heap:
 PSYoungGen      total 6656K, used 6432K [0x00000000d5580000, 0x00000000d6080000, 0x0000000100000000)
  eden space 6144K, 100% used [0x00000000d5580000,0x00000000d5b80000,0x00000000d5b80000)
  from space 512K, 56% used [0x00000000d6000000,0x00000000d6048000,0x00000000d6080000)
  to   space 2048K, 0% used [0x00000000d5c80000,0x00000000d5c80000,0x00000000d5e80000)
 ParOldGen       total 1043968K, used 1043891K [0x0000000080000000, 0x00000000bfb80000, 0x00000000d5580000)
  object space 1043968K, 99% used [0x0000000080000000,0x00000000bfb6cfc8,0x00000000bfb80000)
 Metaspace       used 69759K, committed 71552K, reserved 1114112K
  class space    used 7227K, committed 8000K, reserved 1048576K
GC Heap History (20 events):
Event: 64.876 GC heap before
{Heap before GC invocations=2970 (full 3):
 PSYoungGen      total 8192K, used 8191K [0x00000000d5580000, 0x00000000d5f80000, 0x0000000100000000)
  eden space 7168K, 99% used [0x00000000d5580000,0x00000000d5c7ffd0,0x00000000d5c80000)
  from space 1024K, 100% used [0x00000000d5e00000,0x00000000d5f00000,0x00000000d5f00000)
  to   space 1536K, 0% used [0x00000000d5c80000,0x00000000d5c80000,0x00000000d5e00000)
 ParOldGen       total 1037312K, used 1036869K [0x0000000080000000, 0x00000000bf500000, 0x00000000d5580000)
  object space 1037312K, 99% used [0x0000000080000000,0x00000000bf4916c8,0x00000000bf500000)
 Metaspace       used 69756K, committed 71552K, reserved 1114112K
  class space    used 7227K, committed 8000K, reserved 1048576K
}
Event: 64.879 GC heap after
{Heap after GC invocations=2970 (full 3):
 PSYoungGen      total 8192K, used 544K [0x00000000d5580000, 0x00000000d5e80000, 0x0000000100000000)
  eden space 7168K, 0% used [0x00000000d5580000,0x00000000d5580000,0x00000000d5c80000)
  from space 1024K, 53% used [0x00000000d5c80000,0x00000000d5d08000,0x00000000d5d80000)
  to   space 1024K, 0% used [0x00000000d5d80000,0x00000000d5d80000,0x00000000d5e80000)
 ParOldGen       total 1037312K, used 1037309K [0x0000000080000000, 0x00000000bf500000, 0x00000000d5580000)
  object space 1037312K, 99% used [0x0000000080000000,0x00000000bf4ff6c8,0x00000000bf500000)
 Metaspace       used 69756K, committed 71552K, reserved 1114112K
  class space    used 7227K, committed 8000K, reserved 1048576K
}
Event: 64.890 GC heap before
{Heap before GC invocations=2971 (full 3):
 PSYoungGen      total 8192K, used 7712K [0x00000000d5580000, 0x00000000d5e80000, 0x0000000100000000)
  eden space 7168K, 100% used [0x00000000d5580000,0x00000000d5c80000,0x00000000d5c80000)
  from space 1024K, 53% used [0x00000000d5c80000,0x00000000d5d08000,0x00000000d5d80000)
  to   space 1024K, 0% used [0x00000000d5d80000,0x00000000d5d80000,0x00000000d5e80000)
 ParOldGen       total 1037312K, used 1037309K [0x0000000080000000, 0x00000000bf500000, 0x00000000d5580000)
  object space 1037312K, 99% used [0x0000000080000000,0x00000000bf4ff6c8,0x00000000bf500000)
 Metaspace       used 69756K, committed 71552K, reserved 1114112K
  class space    used 7227K, committed 8000K, reserved 1048576K
}
Event: 64.893 GC heap after
{Heap after GC invocations=2971 (full 3):
 PSYoungGen      total 7168K, used 1024K [0x00000000d5580000, 0x00000000d6080000, 0x0000000100000000)
  eden space 6144K, 0% used [0x00000000d5580000,0x00000000d5580000,0x00000000d5b80000)
  from space 1024K, 100% used [0x00000000d5d80000,0x00000000d5e80000,0x00000000d5e80000)
  to   space 2048K, 0% used [0x00000000d5b80000,0x00000000d5b80000,0x00000000d5d80000)
 ParOldGen       total 1037824K, used 1037673K [0x0000000080000000, 0x00000000bf580000, 0x00000000d5580000)
  object space 1037824K, 99% used [0x0000000080000000,0x00000000bf55a6d8,0x00000000bf580000)
 Metaspace       used 69756K, committed 71552K, reserved 1114112K
  class space    used 7227K, committed 8000K, reserved 1048576K
}
Event: 64.903 GC heap before
{Heap before GC invocations=2972 (full 3):
 PSYoungGen      total 7168K, used 7168K [0x00000000d5580000, 0x00000000d6080000, 0x0000000100000000)
  eden space 6144K, 100% used [0x00000000d5580000,0x00000000d5b80000,0x00000000d5b80000)
  from space 1024K, 100% used [0x00000000d5d80000,0x00000000d5e80000,0x00000000d5e80000)
  to   space 2048K, 0% used [0x00000000d5b80000,0x00000000d5b80000,0x00000000d5d80000)
 ParOldGen       total 1037824K, used 1037673K [0x0000000080000000, 0x00000000bf580000, 0x00000000d5580000)
  object space 1037824K, 99% used [0x0000000080000000,0x00000000bf55a6d8,0x00000000bf580000)
 Metaspace       used 69756K, committed 71552K, reserved 1114112K
  class space    used 7227K, committed 8000K, reserved 1048576K
}
Event: 64.906 GC heap after
{Heap after GC invocations=2972 (full 3):
 PSYoungGen      total 7168K, used 800K [0x00000000d5580000, 0x00000000d5e00000, 0x0000000100000000)
  eden space 6144K, 0% used [0x00000000d5580000,0x00000000d5580000,0x00000000d5b80000)
  from space 1024K, 78% used [0x00000000d5b80000,0x00000000d5c48000,0x00000000d5c80000)
  to   space 1024K, 0% used [0x00000000d5d00000,0x00000000d5d00000,0x00000000d5e00000)
 ParOldGen       total 1038848K, used 1038401K [0x0000000080000000, 0x00000000bf680000, 0x00000000d5580000)
  object space 1038848K, 99% used [0x0000000080000000,0x00000000bf6106d8,0x00000000bf680000)
 Metaspace       used 69756K, committed 71552K, reserved 1114112K
  class space    used 7227K, committed 8000K, reserved 1048576K
}
Event: 64.918 GC heap before
{Heap before GC invocations=2973 (full 3):
 PSYoungGen      total 7168K, used 6944K [0x00000000d5580000, 0x00000000d5e00000, 0x0000000100000000)
  eden space 6144K, 100% used [0x00000000d5580000,0x00000000d5b80000,0x00000000d5b80000)
  from space 1024K, 78% used [0x00000000d5b80000,0x00000000d5c48000,0x00000000d5c80000)
  to   space 1024K, 0% used [0x00000000d5d00000,0x00000000d5d00000,0x00000000d5e00000)
 ParOldGen       total 1038848K, used 1038401K [0x0000000080000000, 0x00000000bf680000, 0x00000000d5580000)
  object space 1038848K, 99% used [0x0000000080000000,0x00000000bf6106d8,0x00000000bf680000)
 Metaspace       used 69757K, committed 71552K, reserved 1114112K
  class space    used 7227K, committed 8000K, reserved 1048576K
}
Event: 64.922 GC heap after
{Heap after GC invocations=2973 (full 3):
 PSYoungGen      total 7168K, used 640K [0x00000000d5580000, 0x00000000d5e00000, 0x0000000100000000)
  eden space 6144K, 0% used [0x00000000d5580000,0x00000000d5580000,0x00000000d5b80000)
  from space 1024K, 62% used [0x00000000d5d00000,0x00000000d5da0000,0x00000000d5e00000)
  to   space 1024K, 0% used [0x00000000d5b80000,0x00000000d5b80000,0x00000000d5c80000)
 ParOldGen       total 1038848K, used 1038793K [0x0000000080000000, 0x00000000bf680000, 0x00000000d5580000)
  object space 1038848K, 99% used [0x0000000080000000,0x00000000bf6726d8,0x00000000bf680000)
 Metaspace       used 69757K, committed 71552K, reserved 1114112K
  class space    used 7227K, committed 8000K, reserved 1048576K
}
Event: 64.932 GC heap before
{Heap before GC invocations=2974 (full 3):
 PSYoungGen      total 7168K, used 6784K [0x00000000d5580000, 0x00000000d5e00000, 0x0000000100000000)
  eden space 6144K, 100% used [0x00000000d5580000,0x00000000d5b80000,0x00000000d5b80000)
  from space 1024K, 62% used [0x00000000d5d00000,0x00000000d5da0000,0x00000000d5e00000)
  to   space 1024K, 0% used [0x00000000d5b80000,0x00000000d5b80000,0x00000000d5c80000)
 ParOldGen       total 1038848K, used 1038793K [0x0000000080000000, 0x00000000bf680000, 0x00000000d5580000)
  object space 1038848K, 99% used [0x0000000080000000,0x00000000bf6726d8,0x00000000bf680000)
 Metaspace       used 69757K, committed 71552K, reserved 1114112K
  class space    used 7227K, committed 8000K, reserved 1048576K
}
Event: 64.936 GC heap after
{Heap after GC invocations=2974 (full 3):
 PSYoungGen      total 7168K, used 544K [0x00000000d5580000, 0x00000000d5d80000, 0x0000000100000000)
  eden space 6144K, 0% used [0x00000000d5580000,0x00000000d5580000,0x00000000d5b80000)
  from space 1024K, 53% used [0x00000000d5b80000,0x00000000d5c08000,0x00000000d5c80000)
  to   space 1024K, 0% used [0x00000000d5c80000,0x00000000d5c80000,0x00000000d5d80000)
 ParOldGen       total 1039360K, used 1039233K [0x0000000080000000, 0x00000000bf700000, 0x00000000d5580000)
  object space 1039360K, 99% used [0x0000000080000000,0x00000000bf6e06d8,0x00000000bf700000)
 Metaspace       used 69757K, committed 71552K, reserved 1114112K
  class space    used 7227K, committed 8000K, reserved 1048576K
}
Event: 65.064 GC heap before
{Heap before GC invocations=2975 (full 3):
 PSYoungGen      total 7168K, used 6687K [0x00000000d5580000, 0x00000000d5d80000, 0x0000000100000000)
  eden space 6144K, 99% used [0x00000000d5580000,0x00000000d5b7fc58,0x00000000d5b80000)
  from space 1024K, 53% used [0x00000000d5b80000,0x00000000d5c08000,0x00000000d5c80000)
  to   space 1024K, 0% used [0x00000000d5c80000,0x00000000d5c80000,0x00000000d5d80000)
 ParOldGen       total 1039360K, used 1039233K [0x0000000080000000, 0x00000000bf700000, 0x00000000d5580000)
  object space 1039360K, 99% used [0x0000000080000000,0x00000000bf6e06d8,0x00000000bf700000)
 Metaspace       used 69757K, committed 71552K, reserved 1114112K
  class space    used 7227K, committed 8000K, reserved 1048576K
}
Event: 65.067 GC heap after
{Heap after GC invocations=2975 (full 3):
 PSYoungGen      total 7168K, used 544K [0x00000000d5580000, 0x00000000d5d80000, 0x0000000100000000)
  eden space 6144K, 0% used [0x00000000d5580000,0x00000000d5580000,0x00000000d5b80000)
  from space 1024K, 53% used [0x00000000d5c80000,0x00000000d5d08000,0x00000000d5d80000)
  to   space 1024K, 0% used [0x00000000d5b80000,0x00000000d5b80000,0x00000000d5c80000)
 ParOldGen       total 1039872K, used 1039521K [0x0000000080000000, 0x00000000bf780000, 0x00000000d5580000)
  object space 1039872K, 99% used [0x0000000080000000,0x00000000bf7286d8,0x00000000bf780000)
 Metaspace       used 69757K, committed 71552K, reserved 1114112K
  class space    used 7227K, committed 8000K, reserved 1048576K
}
Event: 65.218 GC heap before
{Heap before GC invocations=2976 (full 3):
 PSYoungGen      total 7168K, used 6546K [0x00000000d5580000, 0x00000000d5d80000, 0x0000000100000000)
  eden space 6144K, 97% used [0x00000000d5580000,0x00000000d5b5c930,0x00000000d5b80000)
  from space 1024K, 53% used [0x00000000d5c80000,0x00000000d5d08000,0x00000000d5d80000)
  to   space 1024K, 0% used [0x00000000d5b80000,0x00000000d5b80000,0x00000000d5c80000)
 ParOldGen       total 1039872K, used 1039521K [0x0000000080000000, 0x00000000bf780000, 0x00000000d5580000)
  object space 1039872K, 99% used [0x0000000080000000,0x00000000bf7286d8,0x00000000bf780000)
 Metaspace       used 69759K, committed 71552K, reserved 1114112K
  class space    used 7227K, committed 8000K, reserved 1048576K
}
Event: 65.220 GC heap after
{Heap after GC invocations=2976 (full 3):
 PSYoungGen      total 7168K, used 1024K [0x00000000d5580000, 0x00000000d5e80000, 0x0000000100000000)
  eden space 6144K, 0% used [0x00000000d5580000,0x00000000d5580000,0x00000000d5b80000)
  from space 1024K, 100% used [0x00000000d5b80000,0x00000000d5c80000,0x00000000d5c80000)
  to   space 1536K, 0% used [0x00000000d5d00000,0x00000000d5d00000,0x00000000d5e80000)
 ParOldGen       total 1039872K, used 1039833K [0x0000000080000000, 0x00000000bf780000, 0x00000000d5580000)
  object space 1039872K, 99% used [0x0000000080000000,0x00000000bf7766d8,0x00000000bf780000)
 Metaspace       used 69759K, committed 71552K, reserved 1114112K
  class space    used 7227K, committed 8000K, reserved 1048576K
}
Event: 65.237 GC heap before
{Heap before GC invocations=2977 (full 3):
 PSYoungGen      total 7168K, used 6904K [0x00000000d5580000, 0x00000000d5e80000, 0x0000000100000000)
  eden space 6144K, 95% used [0x00000000d5580000,0x00000000d5b3e048,0x00000000d5b80000)
  from space 1024K, 100% used [0x00000000d5b80000,0x00000000d5c80000,0x00000000d5c80000)
  to   space 1536K, 0% used [0x00000000d5d00000,0x00000000d5d00000,0x00000000d5e80000)
 ParOldGen       total 1039872K, used 1039833K [0x0000000080000000, 0x00000000bf780000, 0x00000000d5580000)
  object space 1039872K, 99% used [0x0000000080000000,0x00000000bf7766d8,0x00000000bf780000)
 Metaspace       used 69759K, committed 71552K, reserved 1114112K
  class space    used 7227K, committed 8000K, reserved 1048576K
}
Event: 65.239 GC heap after
{Heap after GC invocations=2977 (full 3):
 PSYoungGen      total 6656K, used 288K [0x00000000d5580000, 0x00000000d5d80000, 0x0000000100000000)
  eden space 6144K, 0% used [0x00000000d5580000,0x00000000d5580000,0x00000000d5b80000)
  from space 512K, 56% used [0x00000000d5d00000,0x00000000d5d48000,0x00000000d5d80000)
  to   space 1024K, 0% used [0x00000000d5b80000,0x00000000d5b80000,0x00000000d5c80000)
 ParOldGen       total 1040896K, used 1040841K [0x0000000080000000, 0x00000000bf880000, 0x00000000d5580000)
  object space 1040896K, 99% used [0x0000000080000000,0x00000000bf8726d8,0x00000000bf880000)
 Metaspace       used 69759K, committed 71552K, reserved 1114112K
  class space    used 7227K, committed 8000K, reserved 1048576K
}
Event: 65.250 GC heap before
{Heap before GC invocations=2978 (full 3):
 PSYoungGen      total 6656K, used 6432K [0x00000000d5580000, 0x00000000d5d80000, 0x0000000100000000)
  eden space 6144K, 100% used [0x00000000d5580000,0x00000000d5b80000,0x00000000d5b80000)
  from space 512K, 56% used [0x00000000d5d00000,0x00000000d5d48000,0x00000000d5d80000)
  to   space 1024K, 0% used [0x00000000d5b80000,0x00000000d5b80000,0x00000000d5c80000)
 ParOldGen       total 1040896K, used 1040841K [0x0000000080000000, 0x00000000bf880000, 0x00000000d5580000)
  object space 1040896K, 99% used [0x0000000080000000,0x00000000bf8726d8,0x00000000bf880000)
 Metaspace       used 69759K, committed 71552K, reserved 1114112K
  class space    used 7227K, committed 8000K, reserved 1048576K
}
Event: 65.253 GC heap after
{Heap after GC invocations=2978 (full 3):
 PSYoungGen      total 7168K, used 1021K [0x00000000d5580000, 0x00000000d6480000, 0x0000000100000000)
  eden space 6144K, 0% used [0x00000000d5580000,0x00000000d5580000,0x00000000d5b80000)
  from space 1024K, 99% used [0x00000000d5b80000,0x00000000d5c7f598,0x00000000d5c80000)
  to   space 4608K, 0% used [0x00000000d6000000,0x00000000d6000000,0x00000000d6480000)
 ParOldGen       total 1043968K, used 1043648K [0x0000000080000000, 0x00000000bfb80000, 0x00000000d5580000)
  object space 1043968K, 99% used [0x0000000080000000,0x00000000bfb30080,0x00000000bfb80000)
 Metaspace       used 69759K, committed 71552K, reserved 1114112K
  class space    used 7227K, committed 8000K, reserved 1048576K
}
Event: 65.617 GC heap before
{Heap before GC invocations=2979 (full 3):
 PSYoungGen      total 7168K, used 7165K [0x00000000d5580000, 0x00000000d6480000, 0x0000000100000000)
  eden space 6144K, 100% used [0x00000000d5580000,0x00000000d5b80000,0x00000000d5b80000)
  from space 1024K, 99% used [0x00000000d5b80000,0x00000000d5c7f598,0x00000000d5c80000)
  to   space 4608K, 0% used [0x00000000d6000000,0x00000000d6000000,0x00000000d6480000)
 ParOldGen       total 1043968K, used 1043648K [0x0000000080000000, 0x00000000bfb80000, 0x00000000d5580000)
  object space 1043968K, 99% used [0x0000000080000000,0x00000000bfb30080,0x00000000bfb80000)
 Metaspace       used 69759K, committed 71552K, reserved 1114112K
  class space    used 7227K, committed 8000K, reserved 1048576K
}
Event: 65.618 GC heap after
{Heap after GC invocations=2979 (full 3):
 PSYoungGen      total 6656K, used 288K [0x00000000d5580000, 0x00000000d6080000, 0x0000000100000000)
  eden space 6144K, 0% used [0x00000000d5580000,0x00000000d5580000,0x00000000d5b80000)
  from space 512K, 56% used [0x00000000d6000000,0x00000000d6048000,0x00000000d6080000)
  to   space 2048K, 0% used [0x00000000d5c80000,0x00000000d5c80000,0x00000000d5e80000)
 ParOldGen       total 1043968K, used 1043891K [0x0000000080000000, 0x00000000bfb80000, 0x00000000d5580000)
  object space 1043968K, 99% used [0x0000000080000000,0x00000000bfb6cfc8,0x00000000bfb80000)
 Metaspace       used 69759K, committed 71552K, reserved 1114112K
  class space    used 7227K, committed 8000K, reserved 1048576K
}

