# JRE version: OpenJDK Runtime Environment Temurin-21.0.8+9 (21.0.8+9) (build 21.0.8+9-LTS)
# Java VM: OpenJDK 64-Bit Server VM Temurin-21.0.8+9 (21.0.8+9-LTS, mixed mode, sharing, tiered, compressed oops, compressed class ptrs, parallel gc, windows-amd64)
GC Precious Log:
 CardTable entry size: 512
 CPUs: 12 total, 12 available
 Memory: 15724M
 Large Page Support: Disabled
 NUMA Support: Disabled
 Compressed Oops: Enabled (32-bit)
 Alignments: Space 512K, Generation 512K, Heap 2M
 Heap Min Capacity: 100M
 Heap Initial Capacity: 100M
 Heap Max Capacity: 2G
 Pre-touch: Disabled
 Parallel Workers: 10
Heap:
 PSYoungGen      total 24064K, used 14592K [0x00000000d5580000, 0x00000000d8480000, 0x0000000100000000)
  eden space 22528K, 58% used [0x00000000d5580000,0x00000000d625f938,0x00000000d6b80000)
  from space 1536K, 91% used [0x00000000d8180000,0x00000000d82e06d8,0x00000000d8300000)
  to   space 1536K, 0% used [0x00000000d8300000,0x00000000d8300000,0x00000000d8480000)
 ParOldGen       total 68608K, used 14604K [0x0000000080000000, 0x0000000084300000, 0x00000000d5580000)
  object space 68608K, 21% used [0x0000000080000000,0x0000000080e43240,0x0000000084300000)
 Metaspace       used 30088K, committed 30976K, reserved 1114112K
  class space    used 2991K, committed 3392K, reserved 1048576K
GC Heap History (20 events):
Event: 4.098 GC heap before
{Heap before GC invocations=2 (full 0):
 PSYoungGen      total 29696K, used 28912K [0x00000000d5580000, 0x00000000d7680000, 0x0000000100000000)
  eden space 25600K, 100% used [0x00000000d5580000,0x00000000d6e80000,0x00000000d6e80000)
  from space 4096K, 80% used [0x00000000d6e80000,0x00000000d71bc148,0x00000000d7280000)
  to   space 4096K, 0% used [0x00000000d7280000,0x00000000d7280000,0x00000000d7680000)
 ParOldGen       total 68608K, used 16K [0x0000000080000000, 0x0000000084300000, 0x00000000d5580000)
  object space 68608K, 0% used [0x0000000080000000,0x0000000080004000,0x0000000084300000)
 Metaspace       used 8184K, committed 8448K, reserved 1114112K
  class space    used 875K, committed 960K, reserved 1048576K
}
Event: 4.100 GC heap after
{Heap after GC invocations=2 (full 0):
 PSYoungGen      total 29696K, used 4084K [0x00000000d5580000, 0x00000000d8f80000, 0x0000000100000000)
  eden space 25600K, 0% used [0x00000000d5580000,0x00000000d5580000,0x00000000d6e80000)
  from space 4096K, 99% used [0x00000000d7280000,0x00000000d767d2a0,0x00000000d7680000)
  to   space 4096K, 0% used [0x00000000d6e80000,0x00000000d6e80000,0x00000000d7280000)
 ParOldGen       total 68608K, used 64K [0x0000000080000000, 0x0000000084300000, 0x00000000d5580000)
  object space 68608K, 0% used [0x0000000080000000,0x0000000080010000,0x0000000084300000)
 Metaspace       used 8184K, committed 8448K, reserved 1114112K
  class space    used 875K, committed 960K, reserved 1048576K
}
Event: 4.362 GC heap before
{Heap before GC invocations=3 (full 0):
 PSYoungGen      total 29696K, used 29684K [0x00000000d5580000, 0x00000000d8f80000, 0x0000000100000000)
  eden space 25600K, 100% used [0x00000000d5580000,0x00000000d6e80000,0x00000000d6e80000)
  from space 4096K, 99% used [0x00000000d7280000,0x00000000d767d2a0,0x00000000d7680000)
  to   space 4096K, 0% used [0x00000000d6e80000,0x00000000d6e80000,0x00000000d7280000)
 ParOldGen       total 68608K, used 64K [0x0000000080000000, 0x0000000084300000, 0x00000000d5580000)
  object space 68608K, 0% used [0x0000000080000000,0x0000000080010000,0x0000000084300000)
 Metaspace       used 8665K, committed 8960K, reserved 1114112K
  class space    used 906K, committed 1024K, reserved 1048576K
}
Event: 4.366 GC heap after
{Heap after GC invocations=3 (full 0):
 PSYoungGen      total 29696K, used 4084K [0x00000000d5580000, 0x00000000d8f80000, 0x0000000100000000)
  eden space 25600K, 0% used [0x00000000d5580000,0x00000000d5580000,0x00000000d6e80000)
  from space 4096K, 99% used [0x00000000d6e80000,0x00000000d727d018,0x00000000d7280000)
  to   space 4096K, 0% used [0x00000000d8b80000,0x00000000d8b80000,0x00000000d8f80000)
 ParOldGen       total 68608K, used 4765K [0x0000000080000000, 0x0000000084300000, 0x00000000d5580000)
  object space 68608K, 6% used [0x0000000080000000,0x00000000804a7730,0x0000000084300000)
 Metaspace       used 8665K, committed 8960K, reserved 1114112K
  class space    used 906K, committed 1024K, reserved 1048576K
}
Event: 4.543 GC heap before
{Heap before GC invocations=4 (full 0):
 PSYoungGen      total 29696K, used 29684K [0x00000000d5580000, 0x00000000d8f80000, 0x0000000100000000)
  eden space 25600K, 100% used [0x00000000d5580000,0x00000000d6e80000,0x00000000d6e80000)
  from space 4096K, 99% used [0x00000000d6e80000,0x00000000d727d018,0x00000000d7280000)
  to   space 4096K, 0% used [0x00000000d8b80000,0x00000000d8b80000,0x00000000d8f80000)
 ParOldGen       total 68608K, used 4765K [0x0000000080000000, 0x0000000084300000, 0x00000000d5580000)
  object space 68608K, 6% used [0x0000000080000000,0x00000000804a7730,0x0000000084300000)
 Metaspace       used 9872K, committed 10176K, reserved 1114112K
  class space    used 1040K, committed 1152K, reserved 1048576K
}
Event: 4.547 GC heap after
{Heap after GC invocations=4 (full 0):
 PSYoungGen      total 29696K, used 4080K [0x00000000d5580000, 0x00000000d8f80000, 0x0000000100000000)
  eden space 25600K, 0% used [0x00000000d5580000,0x00000000d5580000,0x00000000d6e80000)
  from space 4096K, 99% used [0x00000000d8b80000,0x00000000d8f7c128,0x00000000d8f80000)
  to   space 4096K, 0% used [0x00000000d6e80000,0x00000000d6e80000,0x00000000d7280000)
 ParOldGen       total 68608K, used 6478K [0x0000000080000000, 0x0000000084300000, 0x00000000d5580000)
  object space 68608K, 9% used [0x0000000080000000,0x0000000080653bf0,0x0000000084300000)
 Metaspace       used 9872K, committed 10176K, reserved 1114112K
  class space    used 1040K, committed 1152K, reserved 1048576K
}
Event: 4.834 GC heap before
{Heap before GC invocations=5 (full 0):
 PSYoungGen      total 29696K, used 29680K [0x00000000d5580000, 0x00000000d8f80000, 0x0000000100000000)
  eden space 25600K, 100% used [0x00000000d5580000,0x00000000d6e80000,0x00000000d6e80000)
  from space 4096K, 99% used [0x00000000d8b80000,0x00000000d8f7c128,0x00000000d8f80000)
  to   space 4096K, 0% used [0x00000000d6e80000,0x00000000d6e80000,0x00000000d7280000)
 ParOldGen       total 68608K, used 6478K [0x0000000080000000, 0x0000000084300000, 0x00000000d5580000)
  object space 68608K, 9% used [0x0000000080000000,0x0000000080653bf0,0x0000000084300000)
 Metaspace       used 12404K, committed 12736K, reserved 1114112K
  class space    used 1309K, committed 1472K, reserved 1048576K
}
Event: 4.837 GC heap after
{Heap after GC invocations=5 (full 0):
 PSYoungGen      total 29184K, used 4070K [0x00000000d5580000, 0x00000000d8c00000, 0x0000000100000000)
  eden space 25088K, 0% used [0x00000000d5580000,0x00000000d5580000,0x00000000d6e00000)
  from space 4096K, 99% used [0x00000000d6e80000,0x00000000d72799c0,0x00000000d7280000)
  to   space 6144K, 0% used [0x00000000d8600000,0x00000000d8600000,0x00000000d8c00000)
 ParOldGen       total 68608K, used 7823K [0x0000000080000000, 0x0000000084300000, 0x00000000d5580000)
  object space 68608K, 11% used [0x0000000080000000,0x00000000807a3df8,0x0000000084300000)
 Metaspace       used 12404K, committed 12736K, reserved 1114112K
  class space    used 1309K, committed 1472K, reserved 1048576K
}
Event: 5.121 GC heap before
{Heap before GC invocations=6 (full 0):
 PSYoungGen      total 29184K, used 29158K [0x00000000d5580000, 0x00000000d8c00000, 0x0000000100000000)
  eden space 25088K, 100% used [0x00000000d5580000,0x00000000d6e00000,0x00000000d6e00000)
  from space 4096K, 99% used [0x00000000d6e80000,0x00000000d72799c0,0x00000000d7280000)
  to   space 6144K, 0% used [0x00000000d8600000,0x00000000d8600000,0x00000000d8c00000)
 ParOldGen       total 68608K, used 7823K [0x0000000080000000, 0x0000000084300000, 0x00000000d5580000)
  object space 68608K, 11% used [0x0000000080000000,0x00000000807a3df8,0x0000000084300000)
 Metaspace       used 15631K, committed 16192K, reserved 1114112K
  class space    used 1613K, committed 1856K, reserved 1048576K
}
Event: 5.124 GC heap after
{Heap after GC invocations=6 (full 0):
 PSYoungGen      total 30720K, used 5948K [0x00000000d5580000, 0x00000000d8c00000, 0x0000000100000000)
  eden space 24576K, 0% used [0x00000000d5580000,0x00000000d5580000,0x00000000d6d80000)
  from space 6144K, 96% used [0x00000000d8600000,0x00000000d8bcf190,0x00000000d8c00000)
  to   space 6144K, 0% used [0x00000000d8000000,0x00000000d8000000,0x00000000d8600000)
 ParOldGen       total 68608K, used 7831K [0x0000000080000000, 0x0000000084300000, 0x00000000d5580000)
  object space 68608K, 11% used [0x0000000080000000,0x00000000807a5df8,0x0000000084300000)
 Metaspace       used 15631K, committed 16192K, reserved 1114112K
  class space    used 1613K, committed 1856K, reserved 1048576K
}
Event: 5.358 GC heap before
{Heap before GC invocations=7 (full 0):
 PSYoungGen      total 30720K, used 30524K [0x00000000d5580000, 0x00000000d8c00000, 0x0000000100000000)
  eden space 24576K, 100% used [0x00000000d5580000,0x00000000d6d80000,0x00000000d6d80000)
  from space 6144K, 96% used [0x00000000d8600000,0x00000000d8bcf190,0x00000000d8c00000)
  to   space 6144K, 0% used [0x00000000d8000000,0x00000000d8000000,0x00000000d8600000)
 ParOldGen       total 68608K, used 7831K [0x0000000080000000, 0x0000000084300000, 0x00000000d5580000)
  object space 68608K, 11% used [0x0000000080000000,0x00000000807a5df8,0x0000000084300000)
 Metaspace       used 18112K, committed 18816K, reserved 1114112K
  class space    used 1887K, committed 2176K, reserved 1048576K
}
Event: 5.362 GC heap after
{Heap after GC invocations=7 (full 0):
 PSYoungGen      total 30208K, used 5866K [0x00000000d5580000, 0x00000000d8680000, 0x0000000100000000)
  eden space 24064K, 0% used [0x00000000d5580000,0x00000000d5580000,0x00000000d6d00000)
  from space 6144K, 95% used [0x00000000d8000000,0x00000000d85ba8f8,0x00000000d8600000)
  to   space 512K, 0% used [0x00000000d8600000,0x00000000d8600000,0x00000000d8680000)
 ParOldGen       total 68608K, used 9101K [0x0000000080000000, 0x0000000084300000, 0x00000000d5580000)
  object space 68608K, 13% used [0x0000000080000000,0x00000000808e34b8,0x0000000084300000)
 Metaspace       used 18112K, committed 18816K, reserved 1114112K
  class space    used 1887K, committed 2176K, reserved 1048576K
}
Event: 5.589 GC heap before
{Heap before GC invocations=8 (full 0):
 PSYoungGen      total 30208K, used 26915K [0x00000000d5580000, 0x00000000d8680000, 0x0000000100000000)
  eden space 24064K, 87% used [0x00000000d5580000,0x00000000d6a0e440,0x00000000d6d00000)
  from space 6144K, 95% used [0x00000000d8000000,0x00000000d85ba8f8,0x00000000d8600000)
  to   space 512K, 0% used [0x00000000d8600000,0x00000000d8600000,0x00000000d8680000)
 ParOldGen       total 68608K, used 9101K [0x0000000080000000, 0x0000000084300000, 0x00000000d5580000)
  object space 68608K, 13% used [0x0000000080000000,0x00000000808e34b8,0x0000000084300000)
 Metaspace       used 20793K, committed 21504K, reserved 1114112K
  class space    used 2145K, committed 2432K, reserved 1048576K
}
Event: 5.592 GC heap after
{Heap after GC invocations=8 (full 0):
 PSYoungGen      total 24576K, used 501K [0x00000000d5580000, 0x00000000d8680000, 0x0000000100000000)
  eden space 24064K, 0% used [0x00000000d5580000,0x00000000d5580000,0x00000000d6d00000)
  from space 512K, 98% used [0x00000000d8600000,0x00000000d867d798,0x00000000d8680000)
  to   space 6144K, 0% used [0x00000000d7a80000,0x00000000d7a80000,0x00000000d8080000)
 ParOldGen       total 68608K, used 14560K [0x0000000080000000, 0x0000000084300000, 0x00000000d5580000)
  object space 68608K, 21% used [0x0000000080000000,0x0000000080e383f0,0x0000000084300000)
 Metaspace       used 20793K, committed 21504K, reserved 1114112K
  class space    used 2145K, committed 2432K, reserved 1048576K
}
Event: 5.592 GC heap before
{Heap before GC invocations=9 (full 1):
 PSYoungGen      total 24576K, used 501K [0x00000000d5580000, 0x00000000d8680000, 0x0000000100000000)
  eden space 24064K, 0% used [0x00000000d5580000,0x00000000d5580000,0x00000000d6d00000)
  from space 512K, 98% used [0x00000000d8600000,0x00000000d867d798,0x00000000d8680000)
  to   space 6144K, 0% used [0x00000000d7a80000,0x00000000d7a80000,0x00000000d8080000)
 ParOldGen       total 68608K, used 14560K [0x0000000080000000, 0x0000000084300000, 0x00000000d5580000)
  object space 68608K, 21% used [0x0000000080000000,0x0000000080e383f0,0x0000000084300000)
 Metaspace       used 20793K, committed 21504K, reserved 1114112K
  class space    used 2145K, committed 2432K, reserved 1048576K
}
Event: 5.618 GC heap after
{Heap after GC invocations=9 (full 1):
 PSYoungGen      total 24576K, used 0K [0x00000000d5580000, 0x00000000d8680000, 0x0000000100000000)
  eden space 24064K, 0% used [0x00000000d5580000,0x00000000d5580000,0x00000000d6d00000)
  from space 512K, 0% used [0x00000000d8600000,0x00000000d8600000,0x00000000d8680000)
  to   space 6144K, 0% used [0x00000000d7a80000,0x00000000d7a80000,0x00000000d8080000)
 ParOldGen       total 68608K, used 12679K [0x0000000080000000, 0x0000000084300000, 0x00000000d5580000)
  object space 68608K, 18% used [0x0000000080000000,0x0000000080c61f60,0x0000000084300000)
 Metaspace       used 20780K, committed 21504K, reserved 1114112K
  class space    used 2142K, committed 2432K, reserved 1048576K
}
Event: 5.787 GC heap before
{Heap before GC invocations=10 (full 1):
 PSYoungGen      total 24576K, used 24064K [0x00000000d5580000, 0x00000000d8680000, 0x0000000100000000)
  eden space 24064K, 100% used [0x00000000d5580000,0x00000000d6d00000,0x00000000d6d00000)
  from space 512K, 0% used [0x00000000d8600000,0x00000000d8600000,0x00000000d8680000)
  to   space 6144K, 0% used [0x00000000d7a80000,0x00000000d7a80000,0x00000000d8080000)
 ParOldGen       total 68608K, used 12679K [0x0000000080000000, 0x0000000084300000, 0x00000000d5580000)
  object space 68608K, 18% used [0x0000000080000000,0x0000000080c61f60,0x0000000084300000)
 Metaspace       used 23328K, committed 24128K, reserved 1114112K
  class space    used 2312K, committed 2624K, reserved 1048576K
}
Event: 5.788 GC heap after
{Heap after GC invocations=10 (full 1):
 PSYoungGen      total 29696K, used 416K [0x00000000d5580000, 0x00000000d8680000, 0x0000000100000000)
  eden space 23552K, 0% used [0x00000000d5580000,0x00000000d5580000,0x00000000d6c80000)
  from space 6144K, 6% used [0x00000000d7a80000,0x00000000d7ae8088,0x00000000d8080000)
  to   space 2560K, 0% used [0x00000000d8400000,0x00000000d8400000,0x00000000d8680000)
 ParOldGen       total 68608K, used 12687K [0x0000000080000000, 0x0000000084300000, 0x00000000d5580000)
  object space 68608K, 18% used [0x0000000080000000,0x0000000080c63f60,0x0000000084300000)
 Metaspace       used 23328K, committed 24128K, reserved 1114112K
  class space    used 2312K, committed 2624K, reserved 1048576K
}
Event: 5.933 GC heap before
{Heap before GC invocations=11 (full 1):
 PSYoungGen      total 29696K, used 23968K [0x00000000d5580000, 0x00000000d8680000, 0x0000000100000000)
  eden space 23552K, 100% used [0x00000000d5580000,0x00000000d6c80000,0x00000000d6c80000)
  from space 6144K, 6% used [0x00000000d7a80000,0x00000000d7ae8088,0x00000000d8080000)
  to   space 2560K, 0% used [0x00000000d8400000,0x00000000d8400000,0x00000000d8680000)
 ParOldGen       total 68608K, used 12687K [0x0000000080000000, 0x0000000084300000, 0x00000000d5580000)
  object space 68608K, 18% used [0x0000000080000000,0x0000000080c63f60,0x0000000084300000)
 Metaspace       used 25300K, committed 26048K, reserved 1114112K
  class space    used 2457K, committed 2752K, reserved 1048576K
}
Event: 5.934 GC heap after
{Heap after GC invocations=11 (full 1):
 PSYoungGen      total 25600K, used 2152K [0x00000000d5580000, 0x00000000d8680000, 0x0000000100000000)
  eden space 23040K, 0% used [0x00000000d5580000,0x00000000d5580000,0x00000000d6c00000)
  from space 2560K, 84% used [0x00000000d8400000,0x00000000d861a2b0,0x00000000d8680000)
  to   space 2560K, 0% used [0x00000000d8180000,0x00000000d8180000,0x00000000d8400000)
 ParOldGen       total 68608K, used 12687K [0x0000000080000000, 0x0000000084300000, 0x00000000d5580000)
  object space 68608K, 18% used [0x0000000080000000,0x0000000080c63f60,0x0000000084300000)
 Metaspace       used 25300K, committed 26048K, reserved 1114112K
  class space    used 2457K, committed 2752K, reserved 1048576K
}

