# JRE version: Java(TM) SE Runtime Environment (21.0.2+13) (build 21.0.2+13-LTS-58)
# Java VM: Java HotSpot(TM) 64-Bit Server VM (21.0.2+13-LTS-58, mixed mode, sharing, tiered, compressed oops, compressed class ptrs, g1 gc, windows-amd64)
GC Precious Log:
 CardTable entry size: 512
 Card Set container configuration: InlinePtr #cards 4 size 8 Array Of Cards #cards 16 size 48 Howl #buckets 8 coarsen threshold 3686 Howl Bitmap #cards 512 size 80 coarsen threshold 460 Card regions per heap region 1 cards per card region 4096
 CPUs: 12 total, 12 available
 Memory: 15724M
 Large Page Support: Disabled
 NUMA Support: Disabled
 Compressed Oops: Enabled (Zero based)
 Heap Region Size: 2M
 Heap Min Capacity: 8M
 Heap Initial Capacity: 246M
 Heap Max Capacity: 3932M
 Pre-touch: Disabled
 Parallel Workers: 10
 Concurrent Workers: 3
 Concurrent Refinement Workers: 10
 Periodic GC: Disabled
Heap:
 garbage-first heap   total 196608K, used 99737K [0x000000070a400000, 0x0000000800000000)
  region size 2048K, 7 young (14336K), 2 survivors (4096K)
 Metaspace       used 36748K, committed 37440K, reserved 1114112K
  class space    used 4085K, committed 4416K, reserved 1048576K
GC Heap History (18 events):
Event: 0.458 GC heap before
{Heap before GC invocations=0 (full 0):
 garbage-first heap   total 251904K, used 22528K [0x000000070a400000, 0x0000000800000000)
  region size 2048K, 11 young (22528K), 0 survivors (0K)
 Metaspace       used 5627K, committed 5824K, reserved 1114112K
  class space    used 661K, committed 768K, reserved 1048576K
}
Event: 0.461 GC heap after
{Heap after GC invocations=1 (full 0):
 garbage-first heap   total 251904K, used 4050K [0x000000070a400000, 0x0000000800000000)
  region size 2048K, 2 young (4096K), 2 survivors (4096K)
 Metaspace       used 5627K, committed 5824K, reserved 1114112K
  class space    used 661K, committed 768K, reserved 1048576K
}
Event: 0.860 GC heap before
{Heap before GC invocations=1 (full 0):
 garbage-first heap   total 251904K, used 36818K [0x000000070a400000, 0x0000000800000000)
  region size 2048K, 18 young (36864K), 2 survivors (4096K)
 Metaspace       used 10278K, committed 10496K, reserved 1114112K
  class space    used 1232K, committed 1344K, reserved 1048576K
}
Event: 0.863 GC heap after
{Heap after GC invocations=2 (full 0):
 garbage-first heap   total 251904K, used 5727K [0x000000070a400000, 0x0000000800000000)
  region size 2048K, 2 young (4096K), 2 survivors (4096K)
 Metaspace       used 10278K, committed 10496K, reserved 1114112K
  class space    used 1232K, committed 1344K, reserved 1048576K
}
Event: 2.795 GC heap before
{Heap before GC invocations=2 (full 0):
 garbage-first heap   total 251904K, used 151135K [0x000000070a400000, 0x0000000800000000)
  region size 2048K, 73 young (149504K), 2 survivors (4096K)
 Metaspace       used 16543K, committed 16832K, reserved 1114112K
  class space    used 1885K, committed 1984K, reserved 1048576K
}
Event: 2.804 GC heap after
{Heap after GC invocations=3 (full 0):
 garbage-first heap   total 251904K, used 18559K [0x000000070a400000, 0x0000000800000000)
  region size 2048K, 8 young (16384K), 8 survivors (16384K)
 Metaspace       used 16543K, committed 16832K, reserved 1114112K
  class space    used 1885K, committed 1984K, reserved 1048576K
}
Event: 4.533 GC heap before
{Heap before GC invocations=3 (full 0):
 garbage-first heap   total 251904K, used 141439K [0x000000070a400000, 0x0000000800000000)
  region size 2048K, 65 young (133120K), 8 survivors (16384K)
 Metaspace       used 21136K, committed 21504K, reserved 1114112K
  class space    used 2358K, committed 2560K, reserved 1048576K
}
Event: 4.543 GC heap after
{Heap after GC invocations=4 (full 0):
 garbage-first heap   total 251904K, used 34293K [0x000000070a400000, 0x0000000800000000)
  region size 2048K, 5 young (10240K), 5 survivors (10240K)
 Metaspace       used 21136K, committed 21504K, reserved 1114112K
  class space    used 2358K, committed 2560K, reserved 1048576K
}
Event: 5.789 GC heap before
{Heap before GC invocations=5 (full 0):
 garbage-first heap   total 131072K, used 128501K [0x000000070a400000, 0x0000000800000000)
  region size 2048K, 51 young (104448K), 5 survivors (10240K)
 Metaspace       used 29128K, committed 29504K, reserved 1114112K
  class space    used 3265K, committed 3456K, reserved 1048576K
}
Event: 5.802 GC heap after
{Heap after GC invocations=6 (full 0):
 garbage-first heap   total 161792K, used 50275K [0x000000070a400000, 0x0000000800000000)
  region size 2048K, 10 young (20480K), 10 survivors (20480K)
 Metaspace       used 29128K, committed 29504K, reserved 1114112K
  class space    used 3265K, committed 3456K, reserved 1048576K
}
Event: 6.457 GC heap before
{Heap before GC invocations=6 (full 0):
 garbage-first heap   total 161792K, used 126051K [0x000000070a400000, 0x0000000800000000)
  region size 2048K, 47 young (96256K), 10 survivors (20480K)
 Metaspace       used 31825K, committed 32320K, reserved 1114112K
  class space    used 3568K, committed 3776K, reserved 1048576K
}
Event: 6.472 GC heap after
{Heap after GC invocations=7 (full 0):
 garbage-first heap   total 161792K, used 54159K [0x000000070a400000, 0x0000000800000000)
  region size 2048K, 2 young (4096K), 2 survivors (4096K)
 Metaspace       used 31825K, committed 32320K, reserved 1114112K
  class space    used 3568K, committed 3776K, reserved 1048576K
}
Event: 7.318 GC heap before
{Heap before GC invocations=7 (full 0):
 garbage-first heap   total 161792K, used 138127K [0x000000070a400000, 0x0000000800000000)
  region size 2048K, 41 young (83968K), 2 survivors (4096K)
 Metaspace       used 32019K, committed 32640K, reserved 1114112K
  class space    used 3579K, committed 3840K, reserved 1048576K
}
Event: 7.331 GC heap after
{Heap after GC invocations=8 (full 0):
 garbage-first heap   total 163840K, used 78812K [0x000000070a400000, 0x0000000800000000)
  region size 2048K, 6 young (12288K), 6 survivors (12288K)
 Metaspace       used 32019K, committed 32640K, reserved 1114112K
  class space    used 3579K, committed 3840K, reserved 1048576K
}
Event: 7.940 GC heap before
{Heap before GC invocations=8 (full 0):
 garbage-first heap   total 163840K, used 132060K [0x000000070a400000, 0x0000000800000000)
  region size 2048K, 32 young (65536K), 6 survivors (12288K)
 Metaspace       used 32936K, committed 33472K, reserved 1114112K
  class space    used 3681K, committed 3904K, reserved 1048576K
}
Event: 7.950 GC heap after
{Heap after GC invocations=9 (full 0):
 garbage-first heap   total 163840K, used 91530K [0x000000070a400000, 0x0000000800000000)
  region size 2048K, 4 young (8192K), 4 survivors (8192K)
 Metaspace       used 32936K, committed 33472K, reserved 1114112K
  class space    used 3681K, committed 3904K, reserved 1048576K
}
Event: 8.476 GC heap before
{Heap before GC invocations=9 (full 0):
 garbage-first heap   total 163840K, used 128394K [0x000000070a400000, 0x0000000800000000)
  region size 2048K, 23 young (47104K), 4 survivors (8192K)
 Metaspace       used 35388K, committed 35968K, reserved 1114112K
  class space    used 3935K, committed 4224K, reserved 1048576K
}
Event: 8.480 GC heap after
{Heap after GC invocations=10 (full 0):
 garbage-first heap   total 196608K, used 91545K [0x000000070a400000, 0x0000000800000000)
  region size 2048K, 2 young (4096K), 2 survivors (4096K)
 Metaspace       used 35388K, committed 35968K, reserved 1114112K
  class space    used 3935K, committed 4224K, reserved 1048576K
}

